\BOOKMARK [0][-]{chapter.1}{Metodolog\355a}{}% 1
\BOOKMARK [1][-]{section.1.1}{C\341lculo de la importancia}{chapter.1}% 2
\BOOKMARK [2][-]{subsection.1.1.1}{Importancia de un efecto aislado}{section.1.1}% 3
\BOOKMARK [2][-]{subsection.1.1.2}{Importancia combinada de varios efectos}{section.1.1}% 4
\BOOKMARK [2][-]{subsection.1.1.3}{Propiedades}{section.1.1}% 5
\BOOKMARK [0][-]{chapter.2}{Proyecto}{}% 6
\BOOKMARK [1][-]{section.2.1}{Factores}{chapter.2}% 7
\BOOKMARK [2][-]{subsection.2.1.1}{Ambiente}{section.2.1}% 8
\BOOKMARK [2][-]{subsection.2.1.2}{F 1.}{section.2.1}% 9
\BOOKMARK [2][-]{subsection.2.1.3}{F 1.1.}{section.2.1}% 10
\BOOKMARK [2][-]{subsection.2.1.4}{F 1.1.1.}{section.2.1}% 11
\BOOKMARK [2][-]{subsection.2.1.5}{F 1.1.2.}{section.2.1}% 12
\BOOKMARK [2][-]{subsection.2.1.6}{F 1.1.3.}{section.2.1}% 13
\BOOKMARK [2][-]{subsection.2.1.7}{F 1.1.4.}{section.2.1}% 14
\BOOKMARK [2][-]{subsection.2.1.8}{F 1.2.}{section.2.1}% 15
\BOOKMARK [2][-]{subsection.2.1.9}{F 1.2.1.}{section.2.1}% 16
\BOOKMARK [2][-]{subsection.2.1.10}{F 1.2.2.}{section.2.1}% 17
\BOOKMARK [2][-]{subsection.2.1.11}{F 2.}{section.2.1}% 18
\BOOKMARK [2][-]{subsection.2.1.12}{F 2.1.}{section.2.1}% 19
\BOOKMARK [2][-]{subsection.2.1.13}{F 2.1.1.}{section.2.1}% 20
\BOOKMARK [2][-]{subsection.2.1.14}{F 2.1.2.}{section.2.1}% 21
\BOOKMARK [2][-]{subsection.2.1.15}{F 2.1.3.}{section.2.1}% 22
\BOOKMARK [2][-]{subsection.2.1.16}{F 2.1.4.}{section.2.1}% 23
\BOOKMARK [2][-]{subsection.2.1.17}{F 2.2.}{section.2.1}% 24
\BOOKMARK [2][-]{subsection.2.1.18}{F 2.2.1.}{section.2.1}% 25
\BOOKMARK [2][-]{subsection.2.1.19}{F 2.2.2.}{section.2.1}% 26
\BOOKMARK [1][-]{section.2.2}{Acciones}{chapter.2}% 27
\BOOKMARK [2][-]{subsection.2.2.1}{Proyecto}{section.2.2}% 28
\BOOKMARK [2][-]{subsection.2.2.2}{A 1.}{section.2.2}% 29
\BOOKMARK [2][-]{subsection.2.2.3}{A 1.1.}{section.2.2}% 30
\BOOKMARK [2][-]{subsection.2.2.4}{A 1.1.1.}{section.2.2}% 31
\BOOKMARK [2][-]{subsection.2.2.5}{A 1.1.2.}{section.2.2}% 32
\BOOKMARK [2][-]{subsection.2.2.6}{A 1.1.3.}{section.2.2}% 33
\BOOKMARK [2][-]{subsection.2.2.7}{A 1.1.4.}{section.2.2}% 34
\BOOKMARK [2][-]{subsection.2.2.8}{A 1.2.}{section.2.2}% 35
\BOOKMARK [2][-]{subsection.2.2.9}{A 1.2.1.}{section.2.2}% 36
\BOOKMARK [2][-]{subsection.2.2.10}{A 1.2.2.}{section.2.2}% 37
\BOOKMARK [2][-]{subsection.2.2.11}{A 2.}{section.2.2}% 38
\BOOKMARK [2][-]{subsection.2.2.12}{A 2.1.}{section.2.2}% 39
\BOOKMARK [2][-]{subsection.2.2.13}{A 2.1.1.}{section.2.2}% 40
\BOOKMARK [2][-]{subsection.2.2.14}{A 2.1.2.}{section.2.2}% 41
\BOOKMARK [2][-]{subsection.2.2.15}{A 2.1.3.}{section.2.2}% 42
\BOOKMARK [2][-]{subsection.2.2.16}{A 2.1.4.}{section.2.2}% 43
\BOOKMARK [2][-]{subsection.2.2.17}{A 2.2.}{section.2.2}% 44
\BOOKMARK [2][-]{subsection.2.2.18}{A 2.2.1.}{section.2.2}% 45
\BOOKMARK [2][-]{subsection.2.2.19}{A 2.2.2.}{section.2.2}% 46
\BOOKMARK [0][-]{chapter.3}{Efectos individuales}{}% 47
\BOOKMARK [0][-]{chapter.4}{Efectos combinados}{}% 48
\BOOKMARK [-1][-]{part.1}{I Tablas de etiquetas ling\374\355stica}{}% 49
\BOOKMARK [0][-]{appendix.Alph1}{Efectos simples}{part.1}% 50
\BOOKMARK [0][-]{appendix.Alph2}{Propiedades de los efectos}{part.1}% 51
\BOOKMARK [0][-]{appendix.Alph3}{Efectos combinados}{part.1}% 52
\BOOKMARK [-1][-]{part.2}{II Tablas de valores representativos}{}% 53
\BOOKMARK [0][-]{appendix.Alph4}{Efectos simples}{part.2}% 54
\BOOKMARK [0][-]{appendix.Alph5}{Propiedades de los efectos}{part.2}% 55
\BOOKMARK [0][-]{appendix.Alph6}{Efectos combinados}{part.2}% 56
\BOOKMARK [-1][-]{part.3}{III Tablas de valores representativos y ambig\374edades}{}% 57
\BOOKMARK [0][-]{appendix.Alph7}{Efectos simples}{part.3}% 58
\BOOKMARK [0][-]{appendix.Alph8}{Propiedades de los efectos}{part.3}% 59
\BOOKMARK [0][-]{appendix.Alph9}{Efectos combinados}{part.3}% 60
\BOOKMARK [-1][-]{part.4}{IV Tablas de colores}{}% 61
\BOOKMARK [0][-]{appendix.Alph10}{Efectos simples}{part.4}% 62
\BOOKMARK [0][-]{appendix.Alph11}{Propiedades de los efectos}{part.4}% 63
\BOOKMARK [0][-]{appendix.Alph12}{Efectos combinados}{part.4}% 64
